<?xml version="1.0" encoding="UTF-8" ?>
<testsuite tests="12" failures="0" name="com.Sunrisesoftware.FacebookTask.RunnerClassTest" time="3.447" errors="2" skipped="0">
  <properties>
[...]
</properties>
  <testcase classname="Scenario: User should be logged out then sign out is clicked" name="Given the user logs into the facebook application" time="0.005"/>
  <testcase classname="Scenario: User should be logged out then sign out is clicked" name="When the user clicks on the signout button" time="0.001"/>
  <testcase classname="Scenario: User should be logged out then sign out is clicked" name="Then the user should be logged out of the application" time="0"/>
  <testcase classname="Scenario: User should be logged out then sign out is clicked" name="Scenario: User should be logged out then sign out is clicked" time="0.001"/>
  <testcase classname="Scenario: User should navigate to event homepage when clicked on event link" name="Given the user logs into the facebook application" time="0"/>
  <testcase classname="Scenario: User should navigate to event homepage when clicked on event link" name="When the user clicks on the event link" time="0"/>
  <testcase classname="Scenario: User should navigate to event homepage when clicked on event link" name="Then the user should be navigated to the event homepage" time="0"/>
  <testcase classname="Scenario: User should navigate to event homepage when clicked on event link" name="Scenario: User should navigate to event homepage when clicked on event link" time="0.001"/>
  <testcase classname="Scenario: User should able to select the dynamic contents" name="Given the user logs into the facebook application" time="0"/>
  <testcase classname="Scenario: User should able to select the dynamic contents" name="When the user clicks on a dynamic contents" time="0"/>
  <testcase classname="Scenario: User should able to select the dynamic contents" name="Then the user should be navigated to the selcted event" time="1.718">
    <error message="Expected condition failed: waiting for js return document.readyState==&quot;complete&quot;; to be executable (tried for 30 second(s) with 500 MILLISECONDS interval)
Build info: version: &apos;3.4.0&apos;, revision: &apos;unknown&apos;, time: &apos;unknown&apos;
System info: host: &apos;LAPTOP-6E953G70&apos;, ip: &apos;192.168.0.60&apos;, os.name: &apos;Windows 10&apos;, os.arch: &apos;amd64&apos;, os.version: &apos;10.0&apos;, java.version: &apos;1.8.0_121&apos;
Driver info: org.openqa.selenium.chrome.ChromeDriver
Capabilities [{applicationCacheEnabled=false, rotatable=false, mobileEmulationEnabled=false, networkConnectionEnabled=false, chrome={chromedriverVersion=2.29.461591 (62ebf098771772160f391d75e589dc567915b233), userDataDir=C:\Users\Sreedhar\AppData\Local\Temp\scoped_dir9060_1460}, takesHeapSnapshot=true, pageLoadStrategy=normal, databaseEnabled=false, handlesAlerts=true, hasTouchScreen=false, version=58.0.3029.110, platform=XP, browserConnectionEnabled=false, nativeEvents=true, acceptSslCerts=true, locationContextEnabled=true, webStorageEnabled=true, browserName=chrome, takesScreenshot=true, javascriptEnabled=true, cssSelectorsEnabled=true, unexpectedAlertBehaviour=}]
Session ID: be7472a402bdcec8cb43ee164dea035e" type="org.openqa.selenium.TimeoutException">org.openqa.selenium.TimeoutException: Expected condition failed: waiting for js return document.readyState==&quot;complete&quot;; to be executable (tried for 30 second(s) with 500 MILLISECONDS interval)
Build info: version: &apos;3.4.0&apos;, revision: &apos;unknown&apos;, time: &apos;unknown&apos;
System info: host: &apos;LAPTOP-6E953G70&apos;, ip: &apos;192.168.0.60&apos;, os.name: &apos;Windows 10&apos;, os.arch: &apos;amd64&apos;, os.version: &apos;10.0&apos;, java.version: &apos;1.8.0_121&apos;
Driver info: org.openqa.selenium.chrome.ChromeDriver
Capabilities [{applicationCacheEnabled=false, rotatable=false, mobileEmulationEnabled=false, networkConnectionEnabled=false, chrome={chromedriverVersion=2.29.461591 (62ebf098771772160f391d75e589dc567915b233), userDataDir=C:\Users\Sreedhar\AppData\Local\Temp\scoped_dir9060_1460}, takesHeapSnapshot=true, pageLoadStrategy=normal, databaseEnabled=false, handlesAlerts=true, hasTouchScreen=false, version=58.0.3029.110, platform=XP, browserConnectionEnabled=false, nativeEvents=true, acceptSslCerts=true, locationContextEnabled=true, webStorageEnabled=true, browserName=chrome, takesScreenshot=true, javascriptEnabled=true, cssSelectorsEnabled=true, unexpectedAlertBehaviour=}]
Session ID: be7472a402bdcec8cb43ee164dea035e
	at org.openqa.selenium.support.ui.WebDriverWait.timeoutException(WebDriverWait.java:80)
	at org.openqa.selenium.support.ui.FluentWait.until(FluentWait.java:232)
	at com.Sunrisesoftware.FacebookTask.BaseClass.waitForPageLoad(BaseClass.java:22)
	at com.Sunrisesoftware.FacebookTask.Pageobjects.NewsFeedHomePage.getTitle(NewsFeedHomePage.java:39)
	at com.Sunrisesoftware.FacebookTask.StepDeffsforFacebookTask.the_user_should_be_navigated_to_the_selcted_event(StepDeffsforFacebookTask.java:101)
	at ✽.Then the user should be navigated to the selcted event(facebookTaskFeature.feature:16)
</error>
  </testcase>
  <testcase classname="Scenario: User should able to select the dynamic contents" name="Scenario: User should able to select the dynamic contents" time="1.721">
    <error message="Expected condition failed: waiting for js return document.readyState==&quot;complete&quot;; to be executable (tried for 30 second(s) with 500 MILLISECONDS interval)
Build info: version: &apos;3.4.0&apos;, revision: &apos;unknown&apos;, time: &apos;unknown&apos;
System info: host: &apos;LAPTOP-6E953G70&apos;, ip: &apos;192.168.0.60&apos;, os.name: &apos;Windows 10&apos;, os.arch: &apos;amd64&apos;, os.version: &apos;10.0&apos;, java.version: &apos;1.8.0_121&apos;
Driver info: org.openqa.selenium.chrome.ChromeDriver
Capabilities [{applicationCacheEnabled=false, rotatable=false, mobileEmulationEnabled=false, networkConnectionEnabled=false, chrome={chromedriverVersion=2.29.461591 (62ebf098771772160f391d75e589dc567915b233), userDataDir=C:\Users\Sreedhar\AppData\Local\Temp\scoped_dir9060_1460}, takesHeapSnapshot=true, pageLoadStrategy=normal, databaseEnabled=false, handlesAlerts=true, hasTouchScreen=false, version=58.0.3029.110, platform=XP, browserConnectionEnabled=false, nativeEvents=true, acceptSslCerts=true, locationContextEnabled=true, webStorageEnabled=true, browserName=chrome, takesScreenshot=true, javascriptEnabled=true, cssSelectorsEnabled=true, unexpectedAlertBehaviour=}]
Session ID: be7472a402bdcec8cb43ee164dea035e" type="org.openqa.selenium.TimeoutException">org.openqa.selenium.TimeoutException: Expected condition failed: waiting for js return document.readyState==&quot;complete&quot;; to be executable (tried for 30 second(s) with 500 MILLISECONDS interval)
Build info: version: &apos;3.4.0&apos;, revision: &apos;unknown&apos;, time: &apos;unknown&apos;
System info: host: &apos;LAPTOP-6E953G70&apos;, ip: &apos;192.168.0.60&apos;, os.name: &apos;Windows 10&apos;, os.arch: &apos;amd64&apos;, os.version: &apos;10.0&apos;, java.version: &apos;1.8.0_121&apos;
Driver info: org.openqa.selenium.chrome.ChromeDriver
Capabilities [{applicationCacheEnabled=false, rotatable=false, mobileEmulationEnabled=false, networkConnectionEnabled=false, chrome={chromedriverVersion=2.29.461591 (62ebf098771772160f391d75e589dc567915b233), userDataDir=C:\Users\Sreedhar\AppData\Local\Temp\scoped_dir9060_1460}, takesHeapSnapshot=true, pageLoadStrategy=normal, databaseEnabled=false, handlesAlerts=true, hasTouchScreen=false, version=58.0.3029.110, platform=XP, browserConnectionEnabled=false, nativeEvents=true, acceptSslCerts=true, locationContextEnabled=true, webStorageEnabled=true, browserName=chrome, takesScreenshot=true, javascriptEnabled=true, cssSelectorsEnabled=true, unexpectedAlertBehaviour=}]
Session ID: be7472a402bdcec8cb43ee164dea035e
	at org.openqa.selenium.support.ui.WebDriverWait.timeoutException(WebDriverWait.java:80)
	at org.openqa.selenium.support.ui.FluentWait.until(FluentWait.java:232)
	at com.Sunrisesoftware.FacebookTask.BaseClass.waitForPageLoad(BaseClass.java:22)
	at com.Sunrisesoftware.FacebookTask.Pageobjects.NewsFeedHomePage.getTitle(NewsFeedHomePage.java:39)
	at com.Sunrisesoftware.FacebookTask.StepDeffsforFacebookTask.the_user_should_be_navigated_to_the_selcted_event(StepDeffsforFacebookTask.java:101)
	at ✽.Then the user should be navigated to the selcted event(facebookTaskFeature.feature:16)
</error>
  </testcase>
</testsuite>